TN:
SF:src\index.ts
FN:5,(anonymous_4)
FN:6,(anonymous_5)
FN:6,(anonymous_6)
FN:9,(anonymous_7)
FN:10,(anonymous_8)
FN:11,(anonymous_9)
FN:12,(anonymous_10)
FN:14,convertToParquet
FN:21,getAvailableBackends
FN:25,setBackend
FN:29,getCurrentBackend
FN:33,checkPythonSetup
FNF:12
FNH:12
FNDA:6,(anonymous_4)
FNDA:1,(anonymous_5)
FNDA:2,(anonymous_6)
FNDA:2,(anonymous_7)
FNDA:2,(anonymous_8)
FNDA:2,(anonymous_9)
FNDA:2,(anonymous_10)
FNDA:7,convertToParquet
FNDA:1,getAvailableBackends
FNDA:3,setBackend
FNDA:3,getCurrentBackend
FNDA:3,checkPythonSetup
DA:1,1
DA:2,1
DA:5,7
DA:6,3
DA:7,1
DA:9,3
DA:10,3
DA:11,3
DA:12,3
DA:14,1
DA:18,7
DA:21,1
DA:22,1
DA:25,1
DA:26,3
DA:29,1
DA:30,3
DA:33,1
DA:34,3
DA:36,3
LF:20
LH:20
BRDA:38,0,0,2
BRDA:38,0,1,1
BRF:2
BRH:2
end_of_record
TN:
SF:src\backends\cython-backend.ts
FN:22,findCythonModules
FN:30,(anonymous_1)
FN:30,(anonymous_2)
FN:31,(anonymous_3)
FN:41,(anonymous_4)
FN:64,(anonymous_5)
FN:65,(anonymous_6)
FN:66,(anonymous_7)
FN:79,(anonymous_8)
FN:85,(anonymous_9)
FNF:10
FNH:10
FNDA:19,findCythonModules
FNDA:60,(anonymous_1)
FNDA:116,(anonymous_2)
FNDA:32,(anonymous_3)
FNDA:16,(anonymous_4)
FNDA:2,(anonymous_5)
FNDA:2,(anonymous_6)
FNDA:3,(anonymous_7)
FNDA:3,(anonymous_8)
FNDA:2,(anonymous_9)
DA:8,3
DA:9,3
DA:11,3
DA:12,3
DA:16,3
DA:22,3
DA:25,19
DA:27,18
DA:28,18
DA:29,17
DA:30,116
DA:31,32
DA:32,17
DA:34,1
DA:40,3
DA:42,16
DA:43,16
DA:44,2
DA:47,14
DA:48,14
DA:49,1
DA:52,13
DA:53,13
DA:54,1
DA:57,12
DA:59,12
DA:64,2
DA:65,2
DA:66,3
DA:80,3
DA:81,3
DA:82,2
DA:86,2
DA:87,2
LF:34
LH:34
BRDA:23,0,0,18
BRDA:25,1,0,1
BRDA:43,2,0,2
BRDA:48,3,0,1
BRDA:53,4,0,1
BRDA:81,5,0,1
BRF:6
BRH:6
end_of_record
TN:
SF:src\backends\native-python.ts
FN:16,buildPythonArgs
FN:42,(anonymous_1)
FN:51,(anonymous_2)
FN:52,(anonymous_3)
FN:53,(anonymous_4)
FN:57,(anonymous_5)
FN:61,(anonymous_6)
FN:63,(anonymous_7)
FN:65,(anonymous_8)
FN:66,(anonymous_9)
FNF:10
FNH:10
FNDA:60,buildPythonArgs
FNDA:31,(anonymous_1)
FNDA:1,(anonymous_2)
FNDA:1,(anonymous_3)
FNDA:2,(anonymous_4)
FNDA:29,(anonymous_5)
FNDA:7,(anonymous_6)
FNDA:7,(anonymous_7)
FNDA:6,(anonymous_8)
FNDA:1,(anonymous_9)
DA:7,5
DA:8,5
DA:9,5
DA:11,5
DA:13,5
DA:16,5
DA:21,60
DA:23,60
DA:24,60
DA:25,60
DA:26,60
DA:27,60
DA:29,60
DA:31,60
DA:32,60
DA:33,60
DA:34,3
DA:36,60
DA:38,60
DA:41,5
DA:43,31
DA:44,2
DA:47,29
DA:48,29
DA:50,29
DA:51,1
DA:52,1
DA:53,2
DA:58,29
DA:62,7
DA:63,7
DA:64,7
DA:65,7
DA:66,7
LF:34
LH:34
BRDA:23,0,0,5
BRDA:24,1,0,4
BRDA:25,2,0,5
BRDA:26,3,0,4
BRDA:27,4,0,4
BRDA:29,5,0,60
BRDA:29,5,1,58
BRDA:31,6,0,60
BRDA:31,6,1,55
BRDA:32,7,0,57
BRDA:32,7,1,3
BRDA:33,8,0,3
BRDA:43,9,0,2
BRDA:62,10,0,6
BRDA:62,10,1,1
BRF:15
BRH:15
end_of_record
TN:
SF:src\backends\portable-python.ts
FN:14,(anonymous_0)
FN:17,(anonymous_1)
FN:35,(anonymous_2)
FN:36,(anonymous_3)
FN:37,(anonymous_4)
FN:41,(anonymous_5)
FN:45,(anonymous_6)
FNF:7
FNH:7
FNDA:23,(anonymous_0)
FNDA:22,(anonymous_1)
FNDA:2,(anonymous_2)
FNDA:2,(anonymous_3)
FNDA:1,(anonymous_4)
FNDA:3,(anonymous_5)
FNDA:2,(anonymous_6)
DA:7,3
DA:8,3
DA:10,3
DA:11,3
DA:12,3
DA:14,3
DA:15,23
DA:18,22
DA:19,21
DA:20,21
DA:23,21
DA:24,1
DA:27,20
DA:28,1
DA:31,19
DA:32,19
DA:34,19
DA:35,2
DA:36,2
DA:37,1
DA:42,3
DA:46,2
LF:22
LH:22
BRDA:18,0,0,21
BRDA:23,1,0,1
BRDA:27,2,0,1
BRF:3
BRH:3
end_of_record
TN:
SF:src\backends\pyodide-backend.ts
FN:69,(anonymous_6)
FN:69,(anonymous_7)
FN:74,(anonymous_8)
FN:89,(anonymous_9)
FN:103,(anonymous_10)
FN:107,(anonymous_11)
FN:115,(anonymous_12)
FN:128,(anonymous_13)
FN:141,(anonymous_14)
FN:197,(anonymous_15)
FN:233,(anonymous_16)
FN:237,(anonymous_17)
FNF:12
FNH:12
FNDA:2,(anonymous_6)
FNDA:2,(anonymous_7)
FNDA:1,(anonymous_8)
FNDA:34,(anonymous_9)
FNDA:36,(anonymous_10)
FNDA:2,(anonymous_11)
FNDA:30,(anonymous_12)
FNDA:20,(anonymous_13)
FNDA:21,(anonymous_14)
FNDA:6,(anonymous_15)
FNDA:1,(anonymous_16)
FNDA:6,(anonymous_17)
DA:18,3
DA:59,3
DA:60,3
DA:67,3
DA:69,4
DA:72,3
DA:74,3
DA:78,3
DA:79,34
DA:80,34
DA:81,34
DA:82,34
DA:95,34
DA:96,34
DA:97,34
DA:98,34
DA:104,36
DA:106,32
DA:107,30
DA:108,2
DA:109,2
DA:112,32
DA:116,30
DA:117,30
DA:118,29
DA:120,28
DA:121,28
DA:123,28
DA:124,28
DA:129,20
DA:130,19
DA:131,19
DA:132,19
DA:145,21
DA:146,21
DA:147,20
DA:149,20
DA:150,20
DA:151,20
DA:153,20
DA:155,20
DA:156,3
DA:157,3
DA:159,17
DA:160,17
DA:163,20
DA:164,20
DA:167,18
DA:168,18
DA:170,1
DA:173,17
DA:174,2
DA:177,15
DA:186,5
DA:187,4
DA:198,6
DA:199,1
DA:202,5
DA:203,5
DA:205,5
DA:206,1
DA:209,4
DA:210,4
DA:214,4
DA:216,4
DA:218,4
DA:220,4
DA:221,4
DA:223,4
DA:234,1
DA:238,6
DA:239,6
DA:240,1
DA:242,5
DA:243,4
DA:245,1
LF:76
LH:76
BRDA:95,0,0,34
BRDA:95,0,1,2
BRDA:96,1,0,34
BRDA:96,1,1,3
BRDA:97,2,0,34
BRDA:97,2,1,8
BRDA:98,3,0,34
BRDA:98,3,1,4
BRDA:104,4,0,4
BRDA:106,5,0,30
BRDA:129,6,0,1
BRDA:146,7,0,1
BRDA:151,8,0,20
BRDA:151,8,1,19
BRDA:155,9,0,3
BRDA:155,9,1,17
BRDA:163,10,0,19
BRDA:163,10,1,1
BRDA:173,11,0,2
BRDA:174,12,0,2
BRDA:174,12,1,1
BRDA:186,13,0,1
BRDA:198,14,0,1
BRDA:205,15,0,1
BRDA:210,16,0,1
BRDA:210,16,1,3
BRDA:216,17,0,4
BRDA:216,17,1,2
BRDA:218,18,0,4
BRDA:218,18,1,1
BRDA:239,19,0,1
BRDA:239,20,0,6
BRDA:239,20,1,6
BRDA:242,21,0,5
BRDA:242,21,1,2
BRF:35
BRH:35
end_of_record
TN:
SF:src\backends\selector.ts
FN:18,(anonymous_0)
FN:22,(anonymous_1)
FN:32,(anonymous_2)
FN:36,(anonymous_3)
FN:47,(anonymous_4)
FN:88,(anonymous_5)
FN:114,(anonymous_6)
FN:148,(anonymous_7)
FN:158,(anonymous_8)
FNF:9
FNH:9
FNDA:2,(anonymous_0)
FNDA:20,(anonymous_1)
FNDA:20,(anonymous_2)
FNDA:2,(anonymous_3)
FNDA:11,(anonymous_4)
FNDA:10,(anonymous_5)
FNDA:3,(anonymous_6)
FNDA:6,(anonymous_7)
FNDA:8,(anonymous_8)
DA:7,2
DA:8,2
DA:9,2
DA:10,2
DA:11,2
DA:13,2
DA:15,2
DA:16,2
DA:19,2
DA:23,20
DA:24,2
DA:26,20
DA:33,20
DA:37,2
DA:38,2
DA:39,2
DA:40,2
DA:49,11
DA:50,2
DA:51,1
DA:53,1
DA:56,9
DA:59,9
DA:60,1
DA:61,1
DA:65,8
DA:66,4
DA:67,4
DA:71,4
DA:72,1
DA:73,1
DA:77,3
DA:78,2
DA:79,2
DA:82,1
DA:93,10
DA:94,1
DA:95,9
DA:96,2
DA:99,10
DA:101,10
DA:102,1
DA:105,9
DA:106,8
DA:108,8
DA:115,3
DA:117,3
DA:149,6
DA:150,1
DA:152,5
DA:159,8
DA:163,2
LF:52
LH:52
BRDA:23,0,0,2
BRDA:49,1,0,2
BRDA:50,2,0,1
BRDA:59,3,0,1
BRDA:59,4,0,9
BRDA:59,4,1,3
BRDA:59,4,2,2
BRDA:65,5,0,4
BRDA:71,6,0,1
BRDA:77,7,0,2
BRDA:77,8,0,3
BRDA:77,8,1,2
BRDA:93,9,0,1
BRDA:93,9,1,9
BRDA:95,10,0,2
BRDA:101,11,0,1
BRDA:137,12,0,3
BRDA:137,12,1,3
BRDA:149,13,0,1
BRF:19
BRH:19
end_of_record
TN:
SF:src\utils\detect.ts
FN:15,(anonymous_7)
FN:21,(anonymous_8)
FN:68,(anonymous_9)
FN:89,(anonymous_10)
FN:90,(anonymous_11)
FN:95,(anonymous_12)
FN:99,(anonymous_13)
FN:103,(anonymous_14)
FN:112,(anonymous_15)
FN:121,(anonymous_16)
FN:132,(anonymous_17)
FN:136,(anonymous_18)
FN:153,(anonymous_19)
FN:167,(anonymous_20)
FN:178,detectEnvironment
FN:185,clearEnvironmentCache
FNF:16
FNH:16
FNDA:3,(anonymous_7)
FNDA:38,(anonymous_8)
FNDA:30,(anonymous_9)
FNDA:37,(anonymous_10)
FNDA:37,(anonymous_11)
FNDA:29,(anonymous_12)
FNDA:1,(anonymous_13)
FNDA:33,(anonymous_14)
FNDA:3,(anonymous_15)
FNDA:30,(anonymous_16)
FNDA:7,(anonymous_17)
FNDA:34,(anonymous_18)
FNDA:30,(anonymous_19)
FNDA:37,(anonymous_20)
FNDA:38,detectEnvironment
FNDA:37,clearEnvironmentCache
DA:6,3
DA:7,3
DA:8,3
DA:9,3
DA:16,3
DA:22,38
DA:23,8
DA:26,30
DA:53,30
DA:56,30
DA:59,30
DA:61,30
DA:62,30
DA:69,30
DA:71,30
DA:72,37
DA:73,37
DA:74,36
DA:75,27
DA:76,27
DA:77,27
DA:78,27
DA:81,1
DA:90,37
DA:91,37
DA:93,36
DA:95,36
DA:96,29
DA:99,36
DA:100,1
DA:103,36
DA:104,33
DA:105,30
DA:106,30
DA:108,3
DA:112,36
DA:113,3
DA:122,30
DA:124,30
DA:125,23
DA:128,7
DA:129,7
DA:131,7
DA:132,14
DA:133,7
DA:135,6
DA:136,34
DA:137,10
DA:141,6
DA:142,5
DA:143,5
DA:154,30
DA:155,30
DA:156,30
DA:158,30
DA:159,7
DA:160,7
DA:168,37
DA:173,3
DA:178,3
DA:179,38
DA:185,3
DA:186,37
LF:63
LH:63
BRDA:22,0,0,8
BRDA:32,1,0,30
BRDA:32,1,1,30
BRDA:33,2,0,30
BRDA:33,2,1,30
BRDA:49,3,0,30
BRDA:49,3,1,30
BRDA:69,4,0,25
BRDA:69,4,1,5
BRDA:74,5,0,27
BRDA:104,6,0,30
BRDA:104,6,1,3
BRDA:106,7,0,27
BRDA:106,7,1,3
BRDA:124,8,0,23
BRDA:128,9,0,6
BRDA:128,9,1,1
BRDA:136,10,0,10
BRDA:141,11,0,5
BRDA:155,12,0,25
BRDA:155,12,1,5
BRDA:158,13,0,7
BRF:22
BRH:22
end_of_record
TN:
SF:src\utils\download.ts
FN:34,(anonymous_1)
FN:39,(anonymous_2)
FN:43,(anonymous_3)
FN:51,(anonymous_4)
FN:82,(anonymous_5)
FN:105,(anonymous_6)
FN:114,(anonymous_7)
FN:118,(anonymous_8)
FN:120,(anonymous_9)
FN:128,(anonymous_10)
FN:135,(anonymous_11)
FN:137,(anonymous_12)
FN:148,(anonymous_13)
FN:166,(anonymous_14)
FN:168,(anonymous_15)
FN:175,(anonymous_16)
FN:181,(anonymous_17)
FN:185,(anonymous_18)
FN:192,(anonymous_19)
FN:199,(anonymous_20)
FN:203,(anonymous_21)
FN:204,(anonymous_22)
FN:206,(anonymous_23)
FN:218,getDownloader
FN:225,ensurePortablePython
FNF:25
FNH:25
FNDA:52,(anonymous_1)
FNDA:9,(anonymous_2)
FNDA:59,(anonymous_3)
FNDA:21,(anonymous_4)
FNDA:20,(anonymous_5)
FNDA:17,(anonymous_6)
FNDA:17,(anonymous_7)
FNDA:4,(anonymous_8)
FNDA:3,(anonymous_9)
FNDA:15,(anonymous_10)
FNDA:15,(anonymous_11)
FNDA:14,(anonymous_12)
FNDA:13,(anonymous_13)
FNDA:11,(anonymous_14)
FNDA:10,(anonymous_15)
FNDA:9,(anonymous_16)
FNDA:9,(anonymous_17)
FNDA:8,(anonymous_18)
FNDA:4,(anonymous_19)
FNDA:3,(anonymous_20)
FNDA:2,(anonymous_21)
FNDA:1,(anonymous_22)
FNDA:3,(anonymous_23)
FNDA:6,getDownloader
FNDA:2,ensurePortablePython
DA:6,3
DA:7,3
DA:8,3
DA:9,3
DA:10,3
DA:11,3
DA:12,3
DA:13,3
DA:15,3
DA:30,3
DA:35,52
DA:36,52
DA:40,9
DA:44,59
DA:45,50
DA:47,9
DA:52,21
DA:54,21
DA:55,21
DA:56,1
DA:59,20
DA:60,2
DA:63,20
DA:64,20
DA:66,17
DA:67,17
DA:69,15
DA:70,13
DA:71,9
DA:73,7
DA:74,7
DA:83,20
DA:85,20
DA:86,2
DA:89,18
DA:90,1
DA:93,17
DA:99,17
DA:100,17
DA:102,17
DA:103,17
DA:105,17
DA:106,17
DA:107,17
DA:110,17
DA:111,17
DA:115,17
DA:116,13
DA:118,4
DA:119,4
DA:120,4
DA:121,3
DA:123,4
DA:129,15
DA:131,15
DA:132,2
DA:135,15
DA:136,15
DA:137,15
DA:138,14
DA:140,15
DA:149,13
DA:151,13
DA:152,13
DA:154,13
DA:156,13
DA:157,1
DA:160,12
DA:161,1
DA:164,11
DA:166,11
DA:167,11
DA:168,11
DA:169,10
DA:171,11
DA:176,9
DA:178,9
DA:179,9
DA:181,9
DA:182,9
DA:185,9
DA:186,8
DA:188,9
DA:193,4
DA:194,1
DA:197,3
DA:199,3
DA:200,3
DA:201,3
DA:203,3
DA:204,3
DA:206,3
DA:207,3
DA:208,3
DA:212,3
DA:216,3
DA:218,3
DA:219,6
DA:220,2
DA:222,6
DA:225,3
DA:226,2
DA:227,2
DA:228,1
LF:104
LH:104
BRDA:44,0,0,50
BRDA:44,0,1,9
BRDA:55,1,0,1
BRDA:59,2,0,2
BRDA:85,3,0,2
BRDA:89,4,0,1
BRDA:115,5,0,13
BRDA:115,5,1,4
BRDA:121,6,0,2
BRDA:121,6,1,1
BRDA:131,7,0,2
BRDA:138,8,0,13
BRDA:138,8,1,1
BRDA:156,9,0,1
BRDA:160,10,0,1
BRDA:169,11,0,9
BRDA:169,11,1,1
BRDA:186,12,0,7
BRDA:186,12,1,1
BRDA:193,13,0,1
BRDA:208,14,0,2
BRDA:208,14,1,1
BRDA:219,15,0,2
BRDA:227,16,0,1
BRF:24
BRH:24
end_of_record
TN:
SF:src\utils\python-runner.ts
FN:18,defaultPythonCandidates
FN:25,preferredPythonCommand
FN:30,findPython
FN:32,(anonymous_3)
FN:34,(anonymous_4)
FN:35,(anonymous_5)
FN:58,safeParseJSON
FN:67,runPythonToJson
FN:74,(anonymous_8)
FN:79,(anonymous_9)
FN:80,(anonymous_10)
FN:82,(anonymous_11)
FN:110,(anonymous_12)
FNF:13
FNH:13
FNDA:3,defaultPythonCandidates
FNDA:31,preferredPythonCommand
FNDA:23,findPython
FNDA:31,(anonymous_3)
FNDA:27,(anonymous_4)
FNDA:4,(anonymous_5)
FNDA:20,safeParseJSON
FNDA:71,runPythonToJson
FNDA:71,(anonymous_8)
FNDA:65,(anonymous_9)
FNDA:22,(anonymous_10)
FNDA:65,(anonymous_11)
FNDA:6,(anonymous_12)
DA:12,6
DA:18,6
DA:19,3
DA:25,6
DA:26,31
DA:30,6
DA:31,23
DA:32,31
DA:33,31
DA:34,31
DA:35,31
DA:37,31
DA:39,5
DA:59,20
DA:60,16
DA:67,6
DA:74,71
DA:75,71
DA:77,71
DA:78,71
DA:79,71
DA:80,71
DA:82,71
DA:83,65
DA:85,20
DA:86,20
DA:90,9
DA:92,11
DA:96,45
DA:97,45
DA:99,6
DA:102,39
DA:103,6
DA:106,33
DA:107,33
DA:110,71
LF:36
LH:36
BRDA:19,0,0,2
BRDA:19,0,1,1
BRDA:26,1,0,29
BRDA:26,1,1,2
BRDA:30,2,0,1
BRDA:37,3,0,18
BRDA:59,4,0,4
BRDA:59,5,0,20
BRDA:59,5,1,17
BRDA:72,6,0,58
BRDA:83,7,0,20
BRDA:90,8,0,9
BRDA:90,8,1,5
BRDA:92,9,0,11
BRDA:92,9,1,7
BRDA:102,10,0,6
BRDA:103,11,0,6
BRDA:103,11,1,3
BRF:18
BRH:18
end_of_record
TN:
SF:src\utils\runtime.ts
FN:13,isNodeRuntime
FN:24,defaultIndexURL
FN:46,loadPyodideSource
FNF:3
FNH:3
FNDA:17,isNodeRuntime
FNDA:12,defaultIndexURL
FNDA:6,loadPyodideSource
DA:10,4
DA:13,4
DA:14,17
DA:24,4
DA:25,12
DA:26,12
DA:27,12
DA:28,10
DA:29,10
DA:30,10
DA:31,10
DA:32,9
DA:34,1
DA:46,4
DA:47,6
DA:48,6
DA:49,3
DA:50,2
DA:51,2
DA:52,2
DA:57,3
DA:58,3
DA:59,3
LF:23
LH:23
BRDA:14,0,0,17
BRDA:14,0,1,17
BRDA:24,1,0,9
BRDA:25,2,0,12
BRDA:25,2,1,11
BRDA:26,3,0,12
BRDA:26,3,1,9
BRDA:27,4,0,2
BRDA:30,5,0,10
BRDA:30,5,1,9
BRDA:46,6,0,2
BRDA:47,7,0,6
BRDA:47,7,1,2
BRDA:48,8,0,3
BRDA:49,9,0,1
BRDA:57,10,0,3
BRDA:57,10,1,1
BRDA:58,11,0,3
BRDA:58,11,1,2
BRF:19
BRH:19
end_of_record
