TN:
SF:src\index.ts
FN:5,(anonymous_4)
FN:6,(anonymous_5)
FN:6,(anonymous_6)
FN:9,(anonymous_7)
FN:10,(anonymous_8)
FN:11,(anonymous_9)
FN:12,(anonymous_10)
FN:14,convertToParquet
FN:21,getAvailableBackends
FN:25,setBackend
FN:29,getCurrentBackend
FN:33,checkPythonSetup
FNF:12
FNH:12
FNDA:6,(anonymous_4)
FNDA:1,(anonymous_5)
FNDA:2,(anonymous_6)
FNDA:2,(anonymous_7)
FNDA:2,(anonymous_8)
FNDA:2,(anonymous_9)
FNDA:2,(anonymous_10)
FNDA:7,convertToParquet
FNDA:1,getAvailableBackends
FNDA:3,setBackend
FNDA:3,getCurrentBackend
FNDA:3,checkPythonSetup
DA:1,1
DA:2,1
DA:5,7
DA:6,3
DA:7,1
DA:9,3
DA:10,3
DA:11,3
DA:12,3
DA:14,1
DA:18,7
DA:21,1
DA:22,1
DA:25,1
DA:26,3
DA:29,1
DA:30,3
DA:33,1
DA:34,3
DA:36,3
LF:20
LH:20
BRDA:38,0,0,2
BRDA:38,0,1,1
BRF:2
BRH:2
end_of_record
TN:
SF:src\backends\cython-backend.ts
FN:19,safeParseJSON
FN:26,findPython
FN:30,(anonymous_2)
FN:32,(anonymous_3)
FN:33,(anonymous_4)
FN:42,findCythonModules
FN:62,(anonymous_6)
FN:80,(anonymous_7)
FN:115,(anonymous_8)
FN:124,(anonymous_9)
FN:125,(anonymous_10)
FN:127,(anonymous_11)
FN:150,(anonymous_12)
FN:159,(anonymous_13)
FN:170,(anonymous_14)
FNF:15
FNH:15
FNDA:6,safeParseJSON
FNDA:19,findPython
FNDA:25,(anonymous_2)
FNDA:22,(anonymous_3)
FNDA:3,(anonymous_4)
FNDA:18,findCythonModules
FNDA:116,(anonymous_6)
FNDA:16,(anonymous_7)
FNDA:12,(anonymous_8)
FNDA:10,(anonymous_9)
FNDA:6,(anonymous_10)
FNDA:10,(anonymous_11)
FNDA:2,(anonymous_12)
FNDA:3,(anonymous_13)
FNDA:2,(anonymous_14)
DA:7,3
DA:8,3
DA:9,3
DA:20,6
DA:21,4
DA:27,19
DA:29,19
DA:30,25
DA:31,25
DA:32,25
DA:33,25
DA:35,25
DA:37,3
DA:43,18
DA:44,18
DA:46,18
DA:48,17
DA:57,17
DA:58,17
DA:59,17
DA:61,17
DA:62,116
DA:63,32
DA:70,17
DA:75,3
DA:84,16
DA:85,16
DA:86,2
DA:89,14
DA:90,14
DA:91,1
DA:96,13
DA:97,13
DA:98,1
DA:101,12
DA:103,12
DA:104,12
DA:105,12
DA:106,12
DA:107,12
DA:109,12
DA:115,12
DA:116,12
DA:121,12
DA:122,12
DA:124,12
DA:125,12
DA:127,12
DA:128,10
DA:129,4
DA:130,4
DA:131,2
DA:133,2
DA:137,6
DA:138,6
DA:139,6
DA:143,2
DA:144,2
DA:146,4
DA:150,12
DA:151,2
DA:160,3
DA:161,3
DA:163,2
DA:164,2
DA:171,2
DA:172,2
LF:67
LH:67
BRDA:20,0,0,2
BRDA:20,1,0,6
BRDA:20,1,1,5
BRDA:35,2,0,16
BRDA:46,3,0,1
BRDA:62,4,0,32
BRDA:85,5,0,2
BRDA:90,6,0,1
BRDA:97,7,0,1
BRDA:103,8,0,1
BRDA:104,9,0,1
BRDA:105,10,0,1
BRDA:106,11,0,1
BRDA:107,12,0,1
BRDA:128,13,0,4
BRDA:128,13,1,6
BRDA:143,14,0,2
BRDA:143,14,1,1
BRDA:143,14,2,0
BRDA:146,15,0,4
BRDA:146,15,1,3
BRDA:161,16,0,1
BRF:22
BRH:21
end_of_record
TN:
SF:src\backends\native-python.ts
FN:15,(anonymous_0)
FN:52,(anonymous_1)
FN:53,(anonymous_2)
FN:62,(anonymous_3)
FN:63,(anonymous_4)
FN:65,(anonymous_5)
FN:87,(anonymous_6)
FN:93,(anonymous_7)
FN:97,(anonymous_8)
FN:99,(anonymous_9)
FN:101,(anonymous_10)
FN:102,(anonymous_11)
FNF:12
FNH:12
FNDA:31,(anonymous_0)
FNDA:29,(anonymous_1)
FNDA:29,(anonymous_2)
FNDA:28,(anonymous_3)
FNDA:10,(anonymous_4)
FNDA:28,(anonymous_5)
FNDA:1,(anonymous_6)
FNDA:29,(anonymous_7)
FNDA:6,(anonymous_8)
FNDA:6,(anonymous_9)
FNDA:5,(anonymous_10)
FNDA:1,(anonymous_11)
DA:6,4
DA:7,4
DA:8,4
DA:11,4
DA:13,4
DA:20,31
DA:21,2
DA:24,29
DA:25,29
DA:27,29
DA:28,29
DA:29,29
DA:30,29
DA:31,29
DA:34,29
DA:35,29
DA:38,29
DA:39,29
DA:41,29
DA:42,3
DA:47,29
DA:49,29
DA:53,29
DA:54,29
DA:55,29
DA:59,29
DA:60,29
DA:62,29
DA:63,29
DA:65,29
DA:66,28
DA:67,5
DA:68,5
DA:69,3
DA:71,2
DA:75,23
DA:76,23
DA:77,22
DA:78,2
DA:80,20
DA:81,20
DA:83,1
DA:87,29
DA:88,1
DA:94,29
DA:98,6
DA:99,6
DA:100,6
DA:101,6
DA:102,6
LF:50
LH:50
BRDA:20,0,0,2
BRDA:27,1,0,3
BRDA:28,2,0,2
BRDA:29,3,0,3
BRDA:30,4,0,2
BRDA:31,5,0,2
BRDA:34,6,0,29
BRDA:34,6,1,27
BRDA:38,7,0,29
BRDA:38,7,1,24
BRDA:39,8,0,26
BRDA:39,8,1,3
BRDA:41,9,0,3
BRDA:66,10,0,5
BRDA:68,11,0,5
BRDA:68,11,1,1
BRDA:69,12,0,3
BRDA:69,12,1,2
BRDA:71,13,0,2
BRDA:71,13,1,1
BRDA:71,13,2,0
BRDA:77,14,0,2
BRDA:78,15,0,2
BRDA:78,15,1,1
BRDA:94,16,0,28
BRDA:94,16,1,1
BRDA:98,17,0,5
BRDA:98,17,1,1
BRF:28
BRH:27
end_of_record
TN:
SF:src\backends\portable-python.ts
FN:13,(anonymous_0)
FN:16,(anonymous_1)
FN:43,(anonymous_2)
FN:44,(anonymous_3)
FN:56,(anonymous_4)
FN:60,(anonymous_5)
FN:64,(anonymous_6)
FN:86,(anonymous_7)
FN:92,(anonymous_8)
FN:97,(anonymous_9)
FNF:10
FNH:10
FNDA:23,(anonymous_0)
FNDA:22,(anonymous_1)
FNDA:20,(anonymous_2)
FNDA:20,(anonymous_3)
FNDA:17,(anonymous_4)
FNDA:5,(anonymous_5)
FNDA:17,(anonymous_6)
FNDA:2,(anonymous_7)
FNDA:3,(anonymous_8)
FNDA:2,(anonymous_9)
DA:7,3
DA:8,3
DA:9,3
DA:11,3
DA:13,3
DA:14,23
DA:22,22
DA:23,21
DA:24,21
DA:27,21
DA:28,1
DA:31,20
DA:32,20
DA:34,20
DA:35,20
DA:36,20
DA:37,20
DA:38,20
DA:40,20
DA:44,20
DA:45,20
DA:46,1
DA:49,19
DA:53,19
DA:54,19
DA:56,19
DA:57,17
DA:60,19
DA:61,5
DA:64,19
DA:65,17
DA:66,5
DA:67,5
DA:68,2
DA:70,3
DA:74,12
DA:75,12
DA:76,10
DA:77,2
DA:79,8
DA:80,8
DA:82,2
DA:86,19
DA:87,2
DA:93,3
DA:94,3
DA:98,2
DA:99,2
LF:48
LH:48
BRDA:22,0,0,21
BRDA:27,1,0,1
BRDA:34,2,0,1
BRDA:35,3,0,1
BRDA:36,4,0,1
BRDA:37,5,0,1
BRDA:38,6,0,1
BRDA:45,7,0,1
BRDA:65,8,0,5
BRDA:67,9,0,5
BRDA:67,9,1,1
BRDA:68,10,0,2
BRDA:68,10,1,1
BRDA:70,11,0,3
BRDA:70,11,1,2
BRDA:70,11,2,0
BRDA:76,12,0,2
BRDA:77,13,0,2
BRDA:77,13,1,1
BRF:19
BRH:18
end_of_record
TN:
SF:src\backends\pyodide-backend.ts
FN:61,(anonymous_6)
FN:61,(anonymous_7)
FN:64,(anonymous_8)
FN:65,(anonymous_9)
FN:66,(anonymous_10)
FN:82,(anonymous_11)
FN:94,(anonymous_12)
FN:99,(anonymous_13)
FN:109,(anonymous_14)
FN:130,(anonymous_15)
FN:188,(anonymous_16)
FN:248,(anonymous_17)
FN:304,(anonymous_18)
FNF:13
FNH:13
FNDA:2,(anonymous_6)
FNDA:2,(anonymous_7)
FNDA:60,(anonymous_8)
FNDA:1,(anonymous_9)
FNDA:1,(anonymous_10)
FNDA:28,(anonymous_11)
FNDA:31,(anonymous_12)
FNDA:3,(anonymous_13)
FNDA:26,(anonymous_14)
FNDA:18,(anonymous_15)
FNDA:14,(anonymous_16)
FNDA:2,(anonymous_17)
FNDA:5,(anonymous_18)
DA:53,3
DA:54,3
DA:55,3
DA:61,4
DA:63,3
DA:64,60
DA:65,1
DA:66,1
DA:71,3
DA:72,28
DA:73,28
DA:74,28
DA:83,28
DA:84,28
DA:95,31
DA:98,28
DA:99,26
DA:101,3
DA:102,3
DA:106,28
DA:110,26
DA:112,26
DA:113,24
DA:115,23
DA:116,23
DA:118,23
DA:119,23
DA:134,18
DA:136,17
DA:137,1
DA:140,16
DA:142,16
DA:143,16
DA:147,16
DA:151,14
DA:152,14
DA:154,1
DA:158,13
DA:159,2
DA:162,11
DA:172,5
DA:173,4
DA:192,14
DA:193,14
DA:197,14
DA:249,2
DA:251,2
DA:305,5
DA:306,5
DA:307,1
DA:309,4
DA:310,3
DA:312,1
LF:53
LH:53
BRDA:83,0,0,28
BRDA:83,0,1,3
BRDA:84,1,0,28
BRDA:84,1,1,24
BRDA:95,2,0,3
BRDA:98,3,0,26
BRDA:136,4,0,1
BRDA:143,5,0,2
BRDA:143,5,1,14
BRDA:158,6,0,2
BRDA:159,7,0,2
BRDA:159,7,1,1
BRDA:172,8,0,1
BRDA:193,9,0,13
BRDA:193,9,1,1
BRDA:306,10,0,1
BRDA:306,11,0,5
BRDA:306,11,1,5
BRDA:309,12,0,4
BRDA:309,12,1,2
BRF:20
BRH:20
end_of_record
TN:
SF:src\backends\selector.ts
FN:18,(anonymous_0)
FN:22,(anonymous_1)
FN:32,(anonymous_2)
FN:36,(anonymous_3)
FN:47,(anonymous_4)
FN:88,(anonymous_5)
FN:114,(anonymous_6)
FN:148,(anonymous_7)
FN:158,(anonymous_8)
FNF:9
FNH:9
FNDA:2,(anonymous_0)
FNDA:20,(anonymous_1)
FNDA:20,(anonymous_2)
FNDA:2,(anonymous_3)
FNDA:11,(anonymous_4)
FNDA:10,(anonymous_5)
FNDA:3,(anonymous_6)
FNDA:6,(anonymous_7)
FNDA:8,(anonymous_8)
DA:7,2
DA:8,2
DA:9,2
DA:10,2
DA:11,2
DA:13,2
DA:15,2
DA:16,2
DA:19,2
DA:23,20
DA:24,2
DA:26,20
DA:33,20
DA:37,2
DA:38,2
DA:39,2
DA:40,2
DA:49,11
DA:50,2
DA:51,1
DA:53,1
DA:56,9
DA:59,9
DA:60,1
DA:61,1
DA:65,8
DA:66,4
DA:67,4
DA:71,4
DA:72,1
DA:73,1
DA:77,3
DA:78,2
DA:79,2
DA:82,1
DA:93,10
DA:94,1
DA:95,9
DA:96,2
DA:99,10
DA:101,10
DA:102,1
DA:105,9
DA:106,8
DA:108,8
DA:115,3
DA:117,3
DA:149,6
DA:150,1
DA:152,5
DA:159,8
DA:163,2
LF:52
LH:52
BRDA:23,0,0,2
BRDA:49,1,0,2
BRDA:50,2,0,1
BRDA:59,3,0,1
BRDA:59,4,0,9
BRDA:59,4,1,3
BRDA:59,4,2,2
BRDA:65,5,0,4
BRDA:71,6,0,1
BRDA:77,7,0,2
BRDA:77,8,0,3
BRDA:77,8,1,2
BRDA:93,9,0,1
BRDA:93,9,1,9
BRDA:95,10,0,2
BRDA:101,11,0,1
BRDA:137,12,0,3
BRDA:137,12,1,3
BRDA:149,13,0,1
BRF:19
BRH:19
end_of_record
TN:
SF:src\utils\detect.ts
FN:37,(anonymous_7)
FN:43,(anonymous_8)
FN:90,(anonymous_9)
FN:111,(anonymous_10)
FN:112,(anonymous_11)
FN:117,(anonymous_12)
FN:121,(anonymous_13)
FN:125,(anonymous_14)
FN:134,(anonymous_15)
FN:143,(anonymous_16)
FN:154,(anonymous_17)
FN:158,(anonymous_18)
FN:175,(anonymous_19)
FN:189,(anonymous_20)
FN:200,detectEnvironment
FN:207,clearEnvironmentCache
FNF:16
FNH:16
FNDA:3,(anonymous_7)
FNDA:38,(anonymous_8)
FNDA:30,(anonymous_9)
FNDA:37,(anonymous_10)
FNDA:37,(anonymous_11)
FNDA:29,(anonymous_12)
FNDA:1,(anonymous_13)
FNDA:33,(anonymous_14)
FNDA:3,(anonymous_15)
FNDA:30,(anonymous_16)
FNDA:7,(anonymous_17)
FNDA:34,(anonymous_18)
FNDA:30,(anonymous_19)
FNDA:37,(anonymous_20)
FNDA:38,detectEnvironment
FNDA:37,clearEnvironmentCache
DA:6,3
DA:7,3
DA:8,3
DA:9,3
DA:38,3
DA:44,38
DA:45,8
DA:48,30
DA:75,30
DA:78,30
DA:81,30
DA:83,30
DA:84,30
DA:91,30
DA:93,30
DA:94,37
DA:95,37
DA:96,36
DA:97,27
DA:98,27
DA:99,27
DA:100,27
DA:103,1
DA:112,37
DA:113,37
DA:115,36
DA:117,36
DA:118,29
DA:121,36
DA:122,1
DA:125,36
DA:126,33
DA:127,30
DA:128,30
DA:130,3
DA:134,36
DA:135,3
DA:144,30
DA:146,30
DA:147,23
DA:150,7
DA:151,7
DA:153,7
DA:154,14
DA:155,7
DA:157,6
DA:158,34
DA:159,10
DA:163,6
DA:164,5
DA:165,5
DA:176,30
DA:177,30
DA:178,30
DA:180,30
DA:181,7
DA:182,7
DA:190,37
DA:195,3
DA:200,3
DA:201,38
DA:207,3
DA:208,37
LF:63
LH:63
BRDA:44,0,0,8
BRDA:54,1,0,30
BRDA:54,1,1,30
BRDA:55,2,0,30
BRDA:55,2,1,30
BRDA:71,3,0,30
BRDA:71,3,1,30
BRDA:91,4,0,25
BRDA:91,4,1,5
BRDA:96,5,0,27
BRDA:126,6,0,30
BRDA:126,6,1,3
BRDA:128,7,0,27
BRDA:128,7,1,3
BRDA:146,8,0,23
BRDA:150,9,0,6
BRDA:150,9,1,1
BRDA:158,10,0,10
BRDA:163,11,0,5
BRDA:177,12,0,25
BRDA:177,12,1,5
BRDA:180,13,0,7
BRF:22
BRH:22
end_of_record
TN:
SF:src\utils\download.ts
FN:34,(anonymous_1)
FN:39,(anonymous_2)
FN:43,(anonymous_3)
FN:51,(anonymous_4)
FN:82,(anonymous_5)
FN:105,(anonymous_6)
FN:114,(anonymous_7)
FN:118,(anonymous_8)
FN:120,(anonymous_9)
FN:128,(anonymous_10)
FN:135,(anonymous_11)
FN:137,(anonymous_12)
FN:148,(anonymous_13)
FN:166,(anonymous_14)
FN:168,(anonymous_15)
FN:175,(anonymous_16)
FN:181,(anonymous_17)
FN:185,(anonymous_18)
FN:192,(anonymous_19)
FN:199,(anonymous_20)
FN:203,(anonymous_21)
FN:204,(anonymous_22)
FN:206,(anonymous_23)
FN:218,getDownloader
FN:225,ensurePortablePython
FNF:25
FNH:25
FNDA:52,(anonymous_1)
FNDA:9,(anonymous_2)
FNDA:59,(anonymous_3)
FNDA:21,(anonymous_4)
FNDA:20,(anonymous_5)
FNDA:17,(anonymous_6)
FNDA:17,(anonymous_7)
FNDA:4,(anonymous_8)
FNDA:3,(anonymous_9)
FNDA:15,(anonymous_10)
FNDA:15,(anonymous_11)
FNDA:14,(anonymous_12)
FNDA:13,(anonymous_13)
FNDA:11,(anonymous_14)
FNDA:10,(anonymous_15)
FNDA:9,(anonymous_16)
FNDA:9,(anonymous_17)
FNDA:8,(anonymous_18)
FNDA:4,(anonymous_19)
FNDA:3,(anonymous_20)
FNDA:2,(anonymous_21)
FNDA:1,(anonymous_22)
FNDA:3,(anonymous_23)
FNDA:6,getDownloader
FNDA:2,ensurePortablePython
DA:6,3
DA:7,3
DA:8,3
DA:9,3
DA:10,3
DA:11,3
DA:12,3
DA:13,3
DA:15,3
DA:30,3
DA:35,52
DA:36,52
DA:40,9
DA:44,59
DA:45,50
DA:47,9
DA:52,21
DA:54,21
DA:55,21
DA:56,1
DA:59,20
DA:60,2
DA:63,20
DA:64,20
DA:66,17
DA:67,17
DA:69,15
DA:70,13
DA:71,9
DA:73,7
DA:74,7
DA:83,20
DA:85,20
DA:86,2
DA:89,18
DA:90,1
DA:93,17
DA:99,17
DA:100,17
DA:102,17
DA:103,17
DA:105,17
DA:106,17
DA:107,17
DA:110,17
DA:111,17
DA:115,17
DA:116,13
DA:118,4
DA:119,4
DA:120,4
DA:121,3
DA:123,4
DA:129,15
DA:131,15
DA:132,2
DA:135,15
DA:136,15
DA:137,15
DA:138,14
DA:140,15
DA:149,13
DA:151,13
DA:152,13
DA:154,13
DA:156,13
DA:157,1
DA:160,12
DA:161,1
DA:164,11
DA:166,11
DA:167,11
DA:168,11
DA:169,10
DA:171,11
DA:176,9
DA:178,9
DA:179,9
DA:181,9
DA:182,9
DA:185,9
DA:186,8
DA:188,9
DA:193,4
DA:194,1
DA:197,3
DA:199,3
DA:200,3
DA:201,3
DA:203,3
DA:204,3
DA:206,3
DA:207,3
DA:208,3
DA:212,3
DA:216,3
DA:218,3
DA:219,6
DA:220,2
DA:222,6
DA:225,3
DA:226,2
DA:227,2
DA:228,1
LF:104
LH:104
BRDA:44,0,0,50
BRDA:44,0,1,9
BRDA:55,1,0,1
BRDA:59,2,0,2
BRDA:85,3,0,2
BRDA:89,4,0,1
BRDA:115,5,0,13
BRDA:115,5,1,4
BRDA:121,6,0,2
BRDA:121,6,1,1
BRDA:131,7,0,2
BRDA:138,8,0,13
BRDA:138,8,1,1
BRDA:156,9,0,1
BRDA:160,10,0,1
BRDA:169,11,0,9
BRDA:169,11,1,1
BRDA:186,12,0,7
BRDA:186,12,1,1
BRDA:193,13,0,1
BRDA:208,14,0,2
BRDA:208,14,1,1
BRDA:219,15,0,2
BRDA:227,16,0,1
BRF:24
BRH:24
end_of_record
